<?xml version="1.0" encoding="UTF-8" ?>
<testsuites>

  <testsuite name="ViewportRelative.pointToPercent" errors="0" tests="1" failures="0" time="0.001" timestamp="2016-03-08T21:05:00.542Z">
    
      <testcase assertions="6" classname="ViewportRelative.pointToPercent" name="should convert a point in pixels to percentage values" time="0.001">
        
      </testcase>
    
  </testsuite>

</testsuites>