<?xml version="1.0" encoding="UTF-8" ?>
<testsuites>

  <testsuite name="ViewportRelative.valueToPixels" errors="0" tests="6" failures="0" time="0.006" timestamp="2016-03-08T21:29:39.958Z">
    
      <testcase assertions="8" classname="ViewportRelative.valueToPixels" name="should handle bad input" time="0.001">
        
      </testcase>
    
      <testcase assertions="3" classname="ViewportRelative.valueToPixels" name="should handle percentages for x" time="0.001">
        
      </testcase>
    
      <testcase assertions="3" classname="ViewportRelative.valueToPixels" name="should handle percentages for y" time="0">
        
      </testcase>
    
      <testcase assertions="12" classname="ViewportRelative.valueToPixels" name="should handle numbers for x or y" time="0.001">
        
      </testcase>
    
      <testcase assertions="6" classname="ViewportRelative.valueToPixels" name="should handle words for x" time="0.001">
        
      </testcase>
    
      <testcase assertions="6" classname="ViewportRelative.valueToPixels" name="should handle words for y" time="0.001">
        
      </testcase>
    
  </testsuite>

</testsuites>