<?xml version="1.0" encoding="UTF-8" ?>
<testsuites>

  <testsuite name="WheelEventSimulator#detectMouseWheelEvent" errors="0" tests="3" failures="0" time="0.003" timestamp="2016-03-08T21:29:39.973Z">
    
      <testcase assertions="1" classname="WheelEventSimulator#detectMouseWheelEvent" name="should return &quot;wheel&quot; for IE9+" time="0.001">
        
      </testcase>
    
      <testcase assertions="1" classname="WheelEventSimulator#detectMouseWheelEvent" name="should return &quot;onmousewheel&quot; for webkit" time="0.001">
        
      </testcase>
    
      <testcase assertions="1" classname="WheelEventSimulator#detectMouseWheelEvent" name="should return &quot;DOMMouseScroll&quot; for other browsers" time="0">
        
      </testcase>
    
  </testsuite>

</testsuites>