<?xml version="1.0" encoding="UTF-8" ?>
<testsuites>

  <testsuite name="Array" errors="0" tests="1" failures="0" time="0.001" timestamp="2016-03-08T21:29:39.995Z">
    
      <testcase assertions="6" classname="Array" name="isArray should polyfill" time="0.001">
        
      </testcase>
    
  </testsuite>

</testsuites>